<?xml version="1.0" encoding="UTF-8"?>
<!-- Generated by org.testng.reporters.JUnitXMLReporter -->
<testsuite ignored="0" hostname="DESKTOP-UACBAHB" failures="1" tests="1" name="Test" time="11.052" errors="0" timestamp="2023-01-28T15:18:37 IST">
  <testcase classname="practise.Create_Sales_order" name="create_sale" time="5.127">
    <failure type="java.lang.AssertionError" message="expected [true] but found [false]">
      <![CDATA[java.lang.AssertionError: expected [true] but found [false]
at practise.Create_Sales_order.create_sale(Create_Sales_order.java:75)
at java.base/java.util.ArrayList.forEach(ArrayList.java:1511)
... Removed 33 stack frames]]>
    </failure>
  </testcase> <!-- create_sale -->
</testsuite> <!-- Test -->
